<?xml version="1.0" encoding="UTF-8"?>
<!-- Generated by org.testng.reporters.JUnitReportReporter -->
<testsuite hostname="ADDUSCL380729" failures="0" tests="1" name="restAssuredFW.LibraryApiTests" time="3.483" errors="0" timestamp="2019-12-20T11:20:55 PST" skipped="0">
  <testcase classname="restAssuredFW.LibraryApiTests" name="Test5" time="3.483"/>
</testsuite> <!-- restAssuredFW.LibraryApiTests -->
