<?xml version="1.0" encoding="UTF-8"?>
<!-- Generated by org.testng.reporters.JUnitReportReporter -->
<testsuite hostname="ADDUSCL380729" failures="0" tests="4" name="restAssuredFW.Tests" time="4.987" errors="0" timestamp="2019-12-19T14:21:39 PST" skipped="0">
  <testcase classname="restAssuredFW.Tests" name="Test3" time="0.799"/>
  <testcase classname="restAssuredFW.Tests" name="Test1" time="2.962"/>
  <testcase classname="restAssuredFW.Tests" name="Test4" time="0.424"/>
  <testcase classname="restAssuredFW.Tests" name="Test2" time="0.802"/>
</testsuite> <!-- restAssuredFW.Tests -->
