<?xml version="1.0" encoding="UTF-8"?>
<!-- Generated by org.testng.reporters.JUnitReportReporter -->
<testsuite hostname="ADDUSCL380729" failures="0" tests="1" name="restAssuredFW.OAuthTests" time="85.201" errors="0" timestamp="2019-12-20T13:44:51 PST" skipped="0">
  <testcase classname="restAssuredFW.OAuthTests" name="Test6" time="85.201"/>
</testsuite> <!-- restAssuredFW.OAuthTests -->
