<?xml version="1.0" encoding="UTF-8"?>
<!-- Generated by org.testng.reporters.JUnitReportReporter -->
<testsuite hostname="MYTSL00040" failures="0" tests="4" name="restAssuredFW.PlaceSearchApiTests" time="6.206" errors="0" timestamp="2019-12-20T09:42:13 IST" skipped="0">
  <testcase classname="restAssuredFW.PlaceSearchApiTests" name="Test2" time="1.252"/>
  <testcase classname="restAssuredFW.PlaceSearchApiTests" name="Test4" time="0.733"/>
  <testcase classname="restAssuredFW.PlaceSearchApiTests" name="Test3" time="1.285"/>
  <testcase classname="restAssuredFW.PlaceSearchApiTests" name="Test1" time="2.936"/>
</testsuite> <!-- restAssuredFW.PlaceSearchApiTests -->
