<?xml version="1.0" encoding="UTF-8"?>
<!-- Generated by org.testng.reporters.JUnitReportReporter -->
<testsuite hostname="ADDUSCL380729" failures="0" tests="4" name="restAssuredFW.PlaceSearchApiTests" time="6.361" errors="0" timestamp="20 Dec 2019 18:46:00 GMT" skipped="0">
  <testcase classname="restAssuredFW.PlaceSearchApiTests" name="Test2" time="1.198"/>
  <testcase classname="restAssuredFW.PlaceSearchApiTests" name="Test3" time="1.171"/>
  <testcase classname="restAssuredFW.PlaceSearchApiTests" name="Test4" time="0.626"/>
  <testcase classname="restAssuredFW.PlaceSearchApiTests" name="Test1" time="3.366"/>
</testsuite> <!-- restAssuredFW.PlaceSearchApiTests -->
